<?xml version="1.0" encoding="UTF-8"?>
<testsuite name="Registrarse en la pagina web de Demoqa" tests="1" skipped="0" failures="0" errors="0" timestamp="2023-07-28T15:30:37" hostname="CHMEPD34KZ93" time="105.097">
  <properties/>
  <testcase name="Registrarse de manera exitosa, diligenciando todos los campos" classname="Registrarse en la pagina web de Demoqa" time="105.097"/>
  <system-out><![CDATA[]]></system-out>
  <system-err><![CDATA[[Test worker] INFO io.cucumber.core.plugin.SerenityReporter - Running feature from file:///C:/Users/cparejam/Documents/Proyectos_Automatización/ProyectoScreenplayWeb/ProyectoScreenplay/src/test/resources/features/registrodemoqa.feature
[Test worker] INFO  - 
  _____   ___   ___   _____     ___   _____     _     ___   _____   ___   ___  
 |_   _| | __| / __| |_   _|   / __| |_   _|   /_\   | _ \ |_   _| | __| |   \ 
   | |   | _|  \__ \   | |     \__ \   | |    / _ \  |   /   | |   | _|  | |) |
   |_|   |___| |___/   |_|     |___/   |_|   /_/ \_\ |_|_\   |_|   |___| |___/ 

Registrarse de manera exitosa, diligenciando todos los campos(registrarse-en-la-pagina-web-de-demoqa;registrarse-de-manera-exitosa--diligenciando-todos-los-campos)
--------------------------------------------------------------------------------
[Test worker] INFO net.serenitybdd.core.webdriver.driverproviders.ChromeDriverProvider - Starting Chrome driver instance with capabilities:
[Test worker] INFO net.serenitybdd.core.webdriver.driverproviders.ChromeDriverProvider - Capabilities {acceptInsecureCerts: false, browserName: chrome, goog:chromeOptions: {args: [remote-allow-origins=*], extensions: []}}
jul. 28, 2023 10:30:40 A. M. org.openqa.selenium.manager.SeleniumManager lambda$runCommand$2
WARNING: Error getting version of chromedriver 115. Retrying with chromedriver 114 (attempt 1/5)
Starting ChromeDriver 114.0.5735.90 (386bc09e8f4f2e025eddae123f36f6263096ae49-refs/branch-heads/5735@{#1052}) on port 44265
Only local connections are allowed.
Please see https://chromedriver.chromium.org/security-considerations for suggestions on keeping ChromeDriver safe.
ChromeDriver was started successfully.
[1690558243.884][WARNING]: This version of ChromeDriver has not been tested with Chrome version 115.
jul. 28, 2023 10:30:44 A. M. org.openqa.selenium.devtools.CdpVersionFinder findNearestMatch
WARNING: Unable to find an exact match for CDP version 115, so returning the closest version found: 112
[Test worker] INFO  - ?[92m
  _____   ___   ___   _____     ___     _     ___   ___   ___   ___  
 |_   _| | __| / __| |_   _|   | _ \   /_\   / __| / __| | __| |   \ 
   | |   | _|  \__ \   | |     |  _/  / _ \  \__ \ \__ \ | _|  | |) |
   |_|   |___| |___/   |_|     |_|   /_/ \_\ |___/ |___/ |___| |___/ 

Registrarse de manera exitosa, diligenciando todos los campos
----------------------------------------------------------------------?[0m
]]></system-err>
</testsuite>
